{"level":"info","message":"Listening on port 3900...","timestamp":"2021-03-28T23:58:16.809Z"}
{"level":"info","message":"Listening on port 3900...","timestamp":"2021-03-28T23:58:22.070Z"}
{"level":"info","message":"Listening on port 3900...","timestamp":"2021-03-28T23:58:49.104Z"}
{"level":"info","message":"Listening on port 3900...","timestamp":"2021-03-28T23:59:27.633Z"}
{"level":"info","message":"Listening on port 3900...","timestamp":"2021-03-28T23:59:43.768Z"}
{"level":"info","message":"Listening on port 3900...","timestamp":"2021-03-29T00:01:05.633Z"}
{"level":"info","message":"Listening on port 3900...","timestamp":"2021-03-29T00:11:27.537Z"}
{"level":"info","message":"Listening on port 3900...","timestamp":"2021-03-29T00:13:04.738Z"}
{"level":"info","message":"Listening on port 3900...","timestamp":"2021-03-29T00:13:07.767Z"}
{"level":"info","message":"Listening on port 3900...","timestamp":"2021-03-29T00:20:43.139Z"}
{"level":"info","message":"Listening on port 3900...","timestamp":"2021-03-29T00:21:58.517Z"}
{"level":"info","message":"Listening on port 3900...","timestamp":"2021-03-29T00:24:28.457Z"}
{"level":"info","message":"Listening on port 3900...","timestamp":"2021-03-29T00:24:38.689Z"}
{"level":"info","message":"Listening on port 3900...","timestamp":"2021-03-29T00:25:03.346Z"}
{"level":"info","message":"Listening on port 3900...","timestamp":"2021-03-29T00:26:24.125Z"}
{"level":"info","message":"Listening on port 3900...","timestamp":"2021-03-29T00:28:25.615Z"}
{"level":"info","message":"Listening on port 3900...","timestamp":"2021-03-29T00:28:52.332Z"}
{"level":"info","message":"Listening on port 3900...","timestamp":"2021-03-29T00:28:56.149Z"}
{"level":"info","message":"Listening on port 3900...","timestamp":"2021-03-29T14:05:10.688Z"}
{"level":"info","message":"Listening on port 3900...","timestamp":"2021-03-29T14:06:04.508Z"}
{"level":"info","message":"Listening on port 3900...","timestamp":"2021-03-29T14:06:21.777Z"}
{"level":"info","message":"Listening on port 3900...","timestamp":"2021-03-29T14:06:42.814Z"}
{"level":"info","message":"Listening on port 3900...","timestamp":"2021-03-29T14:07:22.556Z"}
{"level":"info","message":"Listening on port 3900...","timestamp":"2021-03-29T14:24:55.439Z"}
{"level":"info","message":"Connected to mongodb://localhost/traq...","timestamp":"2021-03-29T14:24:55.486Z"}
{"level":"info","message":"Listening on port 3900...","timestamp":"2021-03-29T14:25:22.285Z"}
{"level":"info","message":"Connected to mongodb://localhost/traq...","timestamp":"2021-03-29T14:25:22.331Z"}
{"level":"info","message":"Listening on port 3900...","timestamp":"2021-03-29T14:25:36.315Z"}
{"level":"info","message":"Connected to mongodb://localhost/traq...","timestamp":"2021-03-29T14:25:36.345Z"}
{"level":"info","message":"Listening on port 3900...","timestamp":"2021-03-29T14:26:24.394Z"}
{"level":"info","message":"Connected to mongodb://localhost/traq...","timestamp":"2021-03-29T14:26:24.429Z"}
{"level":"info","message":"Listening on port 3900...","timestamp":"2021-03-29T14:26:53.116Z"}
{"level":"info","message":"Connected to mongodb://localhost/traq...","timestamp":"2021-03-29T14:26:53.141Z"}
{"level":"info","message":"Listening on port 3900...","timestamp":"2021-03-29T14:27:43.826Z"}
{"level":"info","message":"Connected to mongodb://localhost/traq...","timestamp":"2021-03-29T14:27:43.853Z"}
{"level":"info","message":"Listening on port 3900...","timestamp":"2021-03-29T14:30:03.824Z"}
{"level":"info","message":"Connected to mongodb://localhost/traq...","timestamp":"2021-03-29T14:30:03.858Z"}
{"level":"info","message":"Listening on port 3900...","timestamp":"2021-03-29T14:36:11.884Z"}
{"level":"info","message":"Connected to mongodb://localhost/traq...","timestamp":"2021-03-29T14:36:11.902Z"}
{"level":"info","message":"Listening on port 3900...","timestamp":"2021-03-29T14:39:45.549Z"}
{"level":"info","message":"Connected to mongodb://localhost/traq...","timestamp":"2021-03-29T14:39:45.588Z"}
{"level":"info","message":"Listening on port 3900...","timestamp":"2021-03-29T14:39:59.423Z"}
{"level":"info","message":"Connected to mongodb://localhost/traq...","timestamp":"2021-03-29T14:39:59.481Z"}
{"level":"info","message":"Listening on port 3900...","timestamp":"2021-03-29T14:40:37.474Z"}
{"level":"info","message":"Connected to mongodb://localhost/traq...","timestamp":"2021-03-29T14:40:37.518Z"}
{"level":"info","message":"Listening on port 3900...","timestamp":"2021-03-29T14:40:45.007Z"}
{"level":"info","message":"Connected to mongodb://localhost/traq...","timestamp":"2021-03-29T14:40:45.050Z"}
{"level":"info","message":"Listening on port 3900...","timestamp":"2021-03-29T14:40:48.405Z"}
{"level":"info","message":"Connected to mongodb://localhost/traq...","timestamp":"2021-03-29T14:40:48.440Z"}
{"level":"info","message":"Listening on port 3900...","timestamp":"2021-03-29T14:40:51.164Z"}
{"level":"info","message":"Connected to mongodb://localhost/traq...","timestamp":"2021-03-29T14:40:51.195Z"}
{"message":"Options contain unknown keys: minDomainAtoms","stack":"Error: Options contain unknown keys: minDomainAtoms\n    at new module.exports (C:\\Users\\Nathan\\Code\\traq\\node_modules\\@hapi\\hoek\\lib\\error.js:23:19)\n    at module.exports (C:\\Users\\Nathan\\Code\\traq\\node_modules\\@hapi\\hoek\\lib\\assert.js:20:11)\n    at Object.exports.assertOptions (C:\\Users\\Nathan\\Code\\traq\\node_modules\\joi\\lib\\common.js:69:5)\n    at internals.Base.method [as email] (C:\\Users\\Nathan\\Code\\traq\\node_modules\\joi\\lib\\types\\string.js:279:24)\n    at validate (C:\\Users\\Nathan\\Code\\traq\\models\\user.js:46:25)\n    at C:\\Users\\Nathan\\Code\\traq\\routes\\users.js:17:21\n    at newFn (C:\\Users\\Nathan\\Code\\traq\\node_modules\\express-async-errors\\index.js:16:20)\n    at Layer.handle [as handle_request] (C:\\Users\\Nathan\\Code\\traq\\node_modules\\express\\lib\\router\\layer.js:95:5)\n    at next (C:\\Users\\Nathan\\Code\\traq\\node_modules\\express\\lib\\router\\route.js:137:13)\n    at Route.dispatch (C:\\Users\\Nathan\\Code\\traq\\node_modules\\express\\lib\\router\\route.js:112:3)\n    at newFn (C:\\Users\\Nathan\\Code\\traq\\node_modules\\express-async-errors\\index.js:16:20)\n    at Layer.handle [as handle_request] (C:\\Users\\Nathan\\Code\\traq\\node_modules\\express\\lib\\router\\layer.js:95:5)\n    at C:\\Users\\Nathan\\Code\\traq\\node_modules\\express\\lib\\router\\index.js:281:22\n    at Function.process_params (C:\\Users\\Nathan\\Code\\traq\\node_modules\\express\\lib\\router\\index.js:335:12)\n    at next (C:\\Users\\Nathan\\Code\\traq\\node_modules\\express\\lib\\router\\index.js:275:10)\n    at Function.handle (C:\\Users\\Nathan\\Code\\traq\\node_modules\\express\\lib\\router\\index.js:174:3)","level":"error","timestamp":"2021-03-29T14:40:55.321Z"}
{"message":"Options contain unknown keys: minDomainAtoms","stack":"Error: Options contain unknown keys: minDomainAtoms\n    at new module.exports (C:\\Users\\Nathan\\Code\\traq\\node_modules\\@hapi\\hoek\\lib\\error.js:23:19)\n    at module.exports (C:\\Users\\Nathan\\Code\\traq\\node_modules\\@hapi\\hoek\\lib\\assert.js:20:11)\n    at Object.exports.assertOptions (C:\\Users\\Nathan\\Code\\traq\\node_modules\\joi\\lib\\common.js:69:5)\n    at internals.Base.method [as email] (C:\\Users\\Nathan\\Code\\traq\\node_modules\\joi\\lib\\types\\string.js:279:24)\n    at validate (C:\\Users\\Nathan\\Code\\traq\\models\\user.js:46:25)\n    at C:\\Users\\Nathan\\Code\\traq\\routes\\users.js:17:21\n    at newFn (C:\\Users\\Nathan\\Code\\traq\\node_modules\\express-async-errors\\index.js:16:20)\n    at Layer.handle [as handle_request] (C:\\Users\\Nathan\\Code\\traq\\node_modules\\express\\lib\\router\\layer.js:95:5)\n    at next (C:\\Users\\Nathan\\Code\\traq\\node_modules\\express\\lib\\router\\route.js:137:13)\n    at Route.dispatch (C:\\Users\\Nathan\\Code\\traq\\node_modules\\express\\lib\\router\\route.js:112:3)\n    at newFn (C:\\Users\\Nathan\\Code\\traq\\node_modules\\express-async-errors\\index.js:16:20)\n    at Layer.handle [as handle_request] (C:\\Users\\Nathan\\Code\\traq\\node_modules\\express\\lib\\router\\layer.js:95:5)\n    at C:\\Users\\Nathan\\Code\\traq\\node_modules\\express\\lib\\router\\index.js:281:22\n    at Function.process_params (C:\\Users\\Nathan\\Code\\traq\\node_modules\\express\\lib\\router\\index.js:335:12)\n    at next (C:\\Users\\Nathan\\Code\\traq\\node_modules\\express\\lib\\router\\index.js:275:10)\n    at Function.handle (C:\\Users\\Nathan\\Code\\traq\\node_modules\\express\\lib\\router\\index.js:174:3)","level":"error","timestamp":"2021-03-29T14:41:42.643Z"}
{"level":"info","message":"Listening on port 3900...","timestamp":"2021-03-29T14:43:22.309Z"}
{"level":"info","message":"Connected to mongodb://localhost/traq...","timestamp":"2021-03-29T14:43:22.355Z"}
{"message":"Joi.validate is not a function","stack":"TypeError: Joi.validate is not a function\n    at validate (C:\\Users\\Nathan\\Code\\traq\\models\\user.js:49:14)\n    at C:\\Users\\Nathan\\Code\\traq\\routes\\users.js:17:21\n    at newFn (C:\\Users\\Nathan\\Code\\traq\\node_modules\\express-async-errors\\index.js:16:20)\n    at Layer.handle [as handle_request] (C:\\Users\\Nathan\\Code\\traq\\node_modules\\express\\lib\\router\\layer.js:95:5)\n    at next (C:\\Users\\Nathan\\Code\\traq\\node_modules\\express\\lib\\router\\route.js:137:13)\n    at Route.dispatch (C:\\Users\\Nathan\\Code\\traq\\node_modules\\express\\lib\\router\\route.js:112:3)\n    at newFn (C:\\Users\\Nathan\\Code\\traq\\node_modules\\express-async-errors\\index.js:16:20)\n    at Layer.handle [as handle_request] (C:\\Users\\Nathan\\Code\\traq\\node_modules\\express\\lib\\router\\layer.js:95:5)\n    at C:\\Users\\Nathan\\Code\\traq\\node_modules\\express\\lib\\router\\index.js:281:22\n    at Function.process_params (C:\\Users\\Nathan\\Code\\traq\\node_modules\\express\\lib\\router\\index.js:335:12)\n    at next (C:\\Users\\Nathan\\Code\\traq\\node_modules\\express\\lib\\router\\index.js:275:10)\n    at Function.handle (C:\\Users\\Nathan\\Code\\traq\\node_modules\\express\\lib\\router\\index.js:174:3)\n    at router (C:\\Users\\Nathan\\Code\\traq\\node_modules\\express\\lib\\router\\index.js:47:12)\n    at newFn (C:\\Users\\Nathan\\Code\\traq\\node_modules\\express-async-errors\\index.js:16:20)\n    at Layer.handle [as handle_request] (C:\\Users\\Nathan\\Code\\traq\\node_modules\\express\\lib\\router\\layer.js:95:5)\n    at trim_prefix (C:\\Users\\Nathan\\Code\\traq\\node_modules\\express\\lib\\router\\index.js:317:13)","level":"error","timestamp":"2021-03-29T14:43:23.411Z"}
{"level":"info","message":"Listening on port 3900...","timestamp":"2021-03-29T14:43:42.896Z"}
{"level":"info","message":"Connected to mongodb://localhost/traq...","timestamp":"2021-03-29T14:43:42.922Z"}
{"message":"Options contain unknown keys: minDomainAtoms","stack":"Error: Options contain unknown keys: minDomainAtoms\n    at new module.exports (C:\\Users\\Nathan\\Code\\traq\\node_modules\\@hapi\\hoek\\lib\\error.js:23:19)\n    at module.exports (C:\\Users\\Nathan\\Code\\traq\\node_modules\\@hapi\\hoek\\lib\\assert.js:20:11)\n    at Object.exports.assertOptions (C:\\Users\\Nathan\\Code\\traq\\node_modules\\joi\\lib\\common.js:69:5)\n    at internals.Base.method [as email] (C:\\Users\\Nathan\\Code\\traq\\node_modules\\joi\\lib\\types\\string.js:279:24)\n    at validate (C:\\Users\\Nathan\\Code\\traq\\models\\user.js:46:25)\n    at C:\\Users\\Nathan\\Code\\traq\\routes\\users.js:17:21\n    at newFn (C:\\Users\\Nathan\\Code\\traq\\node_modules\\express-async-errors\\index.js:16:20)\n    at Layer.handle [as handle_request] (C:\\Users\\Nathan\\Code\\traq\\node_modules\\express\\lib\\router\\layer.js:95:5)\n    at next (C:\\Users\\Nathan\\Code\\traq\\node_modules\\express\\lib\\router\\route.js:137:13)\n    at Route.dispatch (C:\\Users\\Nathan\\Code\\traq\\node_modules\\express\\lib\\router\\route.js:112:3)\n    at newFn (C:\\Users\\Nathan\\Code\\traq\\node_modules\\express-async-errors\\index.js:16:20)\n    at Layer.handle [as handle_request] (C:\\Users\\Nathan\\Code\\traq\\node_modules\\express\\lib\\router\\layer.js:95:5)\n    at C:\\Users\\Nathan\\Code\\traq\\node_modules\\express\\lib\\router\\index.js:281:22\n    at Function.process_params (C:\\Users\\Nathan\\Code\\traq\\node_modules\\express\\lib\\router\\index.js:335:12)\n    at next (C:\\Users\\Nathan\\Code\\traq\\node_modules\\express\\lib\\router\\index.js:275:10)\n    at Function.handle (C:\\Users\\Nathan\\Code\\traq\\node_modules\\express\\lib\\router\\index.js:174:3)","level":"error","timestamp":"2021-03-29T14:43:44.994Z"}
{"level":"info","message":"Listening on port 3900...","timestamp":"2021-03-29T14:43:52.777Z"}
{"level":"info","message":"Connected to mongodb://localhost/traq...","timestamp":"2021-03-29T14:43:52.818Z"}
{"message":"Joi.validate is not a function","stack":"TypeError: Joi.validate is not a function\n    at validate (C:\\Users\\Nathan\\Code\\traq\\models\\user.js:49:14)\n    at C:\\Users\\Nathan\\Code\\traq\\routes\\users.js:17:21\n    at newFn (C:\\Users\\Nathan\\Code\\traq\\node_modules\\express-async-errors\\index.js:16:20)\n    at Layer.handle [as handle_request] (C:\\Users\\Nathan\\Code\\traq\\node_modules\\express\\lib\\router\\layer.js:95:5)\n    at next (C:\\Users\\Nathan\\Code\\traq\\node_modules\\express\\lib\\router\\route.js:137:13)\n    at Route.dispatch (C:\\Users\\Nathan\\Code\\traq\\node_modules\\express\\lib\\router\\route.js:112:3)\n    at newFn (C:\\Users\\Nathan\\Code\\traq\\node_modules\\express-async-errors\\index.js:16:20)\n    at Layer.handle [as handle_request] (C:\\Users\\Nathan\\Code\\traq\\node_modules\\express\\lib\\router\\layer.js:95:5)\n    at C:\\Users\\Nathan\\Code\\traq\\node_modules\\express\\lib\\router\\index.js:281:22\n    at Function.process_params (C:\\Users\\Nathan\\Code\\traq\\node_modules\\express\\lib\\router\\index.js:335:12)\n    at next (C:\\Users\\Nathan\\Code\\traq\\node_modules\\express\\lib\\router\\index.js:275:10)\n    at Function.handle (C:\\Users\\Nathan\\Code\\traq\\node_modules\\express\\lib\\router\\index.js:174:3)\n    at router (C:\\Users\\Nathan\\Code\\traq\\node_modules\\express\\lib\\router\\index.js:47:12)\n    at newFn (C:\\Users\\Nathan\\Code\\traq\\node_modules\\express-async-errors\\index.js:16:20)\n    at Layer.handle [as handle_request] (C:\\Users\\Nathan\\Code\\traq\\node_modules\\express\\lib\\router\\layer.js:95:5)\n    at trim_prefix (C:\\Users\\Nathan\\Code\\traq\\node_modules\\express\\lib\\router\\index.js:317:13)","level":"error","timestamp":"2021-03-29T14:43:55.927Z"}
{"level":"info","message":"Listening on port 3900...","timestamp":"2021-03-29T14:48:01.977Z"}
{"level":"info","message":"Connected to mongodb://localhost/traq...","timestamp":"2021-03-29T14:48:02.018Z"}
{"message":"Cannot read property '0' of undefined","stack":"TypeError: Cannot read property '0' of undefined\n    at C:\\Users\\Nathan\\Code\\traq\\routes\\users.js:18:55\n    at newFn (C:\\Users\\Nathan\\Code\\traq\\node_modules\\express-async-errors\\index.js:16:20)\n    at Layer.handle [as handle_request] (C:\\Users\\Nathan\\Code\\traq\\node_modules\\express\\lib\\router\\layer.js:95:5)\n    at next (C:\\Users\\Nathan\\Code\\traq\\node_modules\\express\\lib\\router\\route.js:137:13)\n    at Route.dispatch (C:\\Users\\Nathan\\Code\\traq\\node_modules\\express\\lib\\router\\route.js:112:3)\n    at newFn (C:\\Users\\Nathan\\Code\\traq\\node_modules\\express-async-errors\\index.js:16:20)\n    at Layer.handle [as handle_request] (C:\\Users\\Nathan\\Code\\traq\\node_modules\\express\\lib\\router\\layer.js:95:5)\n    at C:\\Users\\Nathan\\Code\\traq\\node_modules\\express\\lib\\router\\index.js:281:22\n    at Function.process_params (C:\\Users\\Nathan\\Code\\traq\\node_modules\\express\\lib\\router\\index.js:335:12)\n    at next (C:\\Users\\Nathan\\Code\\traq\\node_modules\\express\\lib\\router\\index.js:275:10)\n    at Function.handle (C:\\Users\\Nathan\\Code\\traq\\node_modules\\express\\lib\\router\\index.js:174:3)\n    at router (C:\\Users\\Nathan\\Code\\traq\\node_modules\\express\\lib\\router\\index.js:47:12)\n    at newFn (C:\\Users\\Nathan\\Code\\traq\\node_modules\\express-async-errors\\index.js:16:20)\n    at Layer.handle [as handle_request] (C:\\Users\\Nathan\\Code\\traq\\node_modules\\express\\lib\\router\\layer.js:95:5)\n    at trim_prefix (C:\\Users\\Nathan\\Code\\traq\\node_modules\\express\\lib\\router\\index.js:317:13)\n    at C:\\Users\\Nathan\\Code\\traq\\node_modules\\express\\lib\\router\\index.js:284:7","level":"error","timestamp":"2021-03-29T14:48:05.903Z"}
{"level":"info","message":"Listening on port 3900...","timestamp":"2021-03-29T14:48:24.499Z"}
{"level":"info","message":"Connected to mongodb://localhost/traq...","timestamp":"2021-03-29T14:48:24.527Z"}
{"message":"Cannot read property '0' of undefined","stack":"TypeError: Cannot read property '0' of undefined\n    at C:\\Users\\Nathan\\Code\\traq\\routes\\users.js:19:55\n    at newFn (C:\\Users\\Nathan\\Code\\traq\\node_modules\\express-async-errors\\index.js:16:20)\n    at Layer.handle [as handle_request] (C:\\Users\\Nathan\\Code\\traq\\node_modules\\express\\lib\\router\\layer.js:95:5)\n    at next (C:\\Users\\Nathan\\Code\\traq\\node_modules\\express\\lib\\router\\route.js:137:13)\n    at Route.dispatch (C:\\Users\\Nathan\\Code\\traq\\node_modules\\express\\lib\\router\\route.js:112:3)\n    at newFn (C:\\Users\\Nathan\\Code\\traq\\node_modules\\express-async-errors\\index.js:16:20)\n    at Layer.handle [as handle_request] (C:\\Users\\Nathan\\Code\\traq\\node_modules\\express\\lib\\router\\layer.js:95:5)\n    at C:\\Users\\Nathan\\Code\\traq\\node_modules\\express\\lib\\router\\index.js:281:22\n    at Function.process_params (C:\\Users\\Nathan\\Code\\traq\\node_modules\\express\\lib\\router\\index.js:335:12)\n    at next (C:\\Users\\Nathan\\Code\\traq\\node_modules\\express\\lib\\router\\index.js:275:10)\n    at Function.handle (C:\\Users\\Nathan\\Code\\traq\\node_modules\\express\\lib\\router\\index.js:174:3)\n    at router (C:\\Users\\Nathan\\Code\\traq\\node_modules\\express\\lib\\router\\index.js:47:12)\n    at newFn (C:\\Users\\Nathan\\Code\\traq\\node_modules\\express-async-errors\\index.js:16:20)\n    at Layer.handle [as handle_request] (C:\\Users\\Nathan\\Code\\traq\\node_modules\\express\\lib\\router\\layer.js:95:5)\n    at trim_prefix (C:\\Users\\Nathan\\Code\\traq\\node_modules\\express\\lib\\router\\index.js:317:13)\n    at C:\\Users\\Nathan\\Code\\traq\\node_modules\\express\\lib\\router\\index.js:284:7","level":"error","timestamp":"2021-03-29T14:48:25.425Z"}
{"level":"info","message":"Listening on port 3900...","timestamp":"2021-03-29T14:48:38.100Z"}
{"level":"info","message":"Connected to mongodb://localhost/traq...","timestamp":"2021-03-29T14:48:38.135Z"}
{"level":"info","message":"Listening on port 3900...","timestamp":"2021-03-29T14:52:04.861Z"}
{"level":"info","message":"Connected to mongodb://localhost/traq...","timestamp":"2021-03-29T14:52:04.884Z"}
{"message":"User.save is not a function","stack":"TypeError: User.save is not a function\n    at C:\\Users\\Nathan\\Code\\traq\\routes\\users.js:34:21","level":"error","timestamp":"2021-03-29T14:52:07.577Z"}
{"level":"info","message":"Listening on port 3900...","timestamp":"2021-03-29T14:53:01.857Z"}
{"level":"info","message":"Connected to mongodb://localhost/traq...","timestamp":"2021-03-29T14:53:01.895Z"}
{"message":"User validation failed: vaccination.firstVac: Path `vaccination.firstVac` is required.","stack":"ValidationError: User validation failed: vaccination.firstVac: Path `vaccination.firstVac` is required.\n    at model.Document.invalidate (C:\\Users\\Nathan\\Code\\traq\\node_modules\\mongoose\\lib\\document.js:2703:32)\n    at C:\\Users\\Nathan\\Code\\traq\\node_modules\\mongoose\\lib\\document.js:2523:17\n    at C:\\Users\\Nathan\\Code\\traq\\node_modules\\mongoose\\lib\\schematype.js:1254:9\n    at processTicksAndRejections (internal/process/task_queues.js:75:11)","errors":{"vaccination.firstVac":{"properties":{"message":"Path `vaccination.firstVac` is required.","type":"required","path":"vaccination.firstVac"},"kind":"required","path":"vaccination.firstVac"}},"_message":"User validation failed","level":"error","timestamp":"2021-03-29T14:53:04.560Z"}
{"level":"info","message":"Listening on port 3900...","timestamp":"2021-03-29T14:56:38.693Z"}
{"level":"info","message":"Connected to mongodb://localhost/traq...","timestamp":"2021-03-29T14:56:38.729Z"}
{"level":"info","message":"Listening on port 3900...","timestamp":"2021-03-29T14:58:14.708Z"}
{"level":"info","message":"Connected to mongodb://localhost/traq...","timestamp":"2021-03-29T14:58:14.741Z"}
{"level":"info","message":"Listening on port 3900...","timestamp":"2021-03-29T15:00:24.791Z"}
{"level":"info","message":"Connected to mongodb://localhost/traq...","timestamp":"2021-03-29T15:00:24.828Z"}
{"level":"info","message":"Listening on port 3900...","timestamp":"2021-03-29T15:02:36.912Z"}
{"level":"info","message":"Connected to mongodb://localhost/traq...","timestamp":"2021-03-29T15:02:36.943Z"}
{"level":"info","message":"Listening on port 3900...","timestamp":"2021-03-29T15:03:09.282Z"}
{"level":"info","message":"Connected to mongodb://localhost/traq...","timestamp":"2021-03-29T15:03:09.308Z"}
{"level":"info","message":"Listening on port 3900...","timestamp":"2021-03-29T15:05:30.031Z"}
{"level":"info","message":"Connected to mongodb://localhost/traq...","timestamp":"2021-03-29T15:05:30.052Z"}
{"level":"info","message":"Listening on port 3900...","timestamp":"2021-03-29T15:05:44.587Z"}
{"level":"info","message":"Connected to mongodb://localhost/traq...","timestamp":"2021-03-29T15:05:44.616Z"}
{"level":"info","message":"Listening on port 3900...","timestamp":"2021-03-29T15:06:19.087Z"}
{"level":"info","message":"Connected to mongodb://localhost/traq...","timestamp":"2021-03-29T15:06:19.120Z"}
{"level":"info","message":"Listening on port 3900...","timestamp":"2021-03-29T15:12:28.012Z"}
{"level":"info","message":"Connected to mongodb://localhost/traq...","timestamp":"2021-03-29T15:12:28.041Z"}
{"level":"info","message":"Listening on port 3900...","timestamp":"2021-03-29T15:14:19.951Z"}
{"level":"info","message":"Connected to mongodb://localhost/traq...","timestamp":"2021-03-29T15:14:19.971Z"}
{"level":"info","message":"Listening on port 3900...","timestamp":"2021-03-29T15:14:49.883Z"}
{"level":"info","message":"Connected to mongodb://localhost/traq...","timestamp":"2021-03-29T15:14:49.906Z"}
{"message":"User is not defined","stack":"ReferenceError: User is not defined\n    at C:\\Users\\Nathan\\Code\\traq\\routes\\auth.js:10:14\n    at newFn (C:\\Users\\Nathan\\Code\\traq\\node_modules\\express-async-errors\\index.js:16:20)\n    at Layer.handle [as handle_request] (C:\\Users\\Nathan\\Code\\traq\\node_modules\\express\\lib\\router\\layer.js:95:5)\n    at next (C:\\Users\\Nathan\\Code\\traq\\node_modules\\express\\lib\\router\\route.js:137:13)\n    at Route.dispatch (C:\\Users\\Nathan\\Code\\traq\\node_modules\\express\\lib\\router\\route.js:112:3)\n    at newFn (C:\\Users\\Nathan\\Code\\traq\\node_modules\\express-async-errors\\index.js:16:20)\n    at Layer.handle [as handle_request] (C:\\Users\\Nathan\\Code\\traq\\node_modules\\express\\lib\\router\\layer.js:95:5)\n    at C:\\Users\\Nathan\\Code\\traq\\node_modules\\express\\lib\\router\\index.js:281:22\n    at Function.process_params (C:\\Users\\Nathan\\Code\\traq\\node_modules\\express\\lib\\router\\index.js:335:12)\n    at next (C:\\Users\\Nathan\\Code\\traq\\node_modules\\express\\lib\\router\\index.js:275:10)\n    at Function.handle (C:\\Users\\Nathan\\Code\\traq\\node_modules\\express\\lib\\router\\index.js:174:3)\n    at router (C:\\Users\\Nathan\\Code\\traq\\node_modules\\express\\lib\\router\\index.js:47:12)\n    at newFn (C:\\Users\\Nathan\\Code\\traq\\node_modules\\express-async-errors\\index.js:16:20)\n    at Layer.handle [as handle_request] (C:\\Users\\Nathan\\Code\\traq\\node_modules\\express\\lib\\router\\layer.js:95:5)\n    at trim_prefix (C:\\Users\\Nathan\\Code\\traq\\node_modules\\express\\lib\\router\\index.js:317:13)\n    at C:\\Users\\Nathan\\Code\\traq\\node_modules\\express\\lib\\router\\index.js:284:7","level":"error","timestamp":"2021-03-29T15:14:52.319Z"}
{"level":"info","message":"Listening on port 3900...","timestamp":"2021-03-29T15:15:17.369Z"}
{"level":"info","message":"Connected to mongodb://localhost/traq...","timestamp":"2021-03-29T15:15:17.399Z"}
{"message":"bcrypt is not defined","stack":"ReferenceError: bcrypt is not defined\n    at C:\\Users\\Nathan\\Code\\traq\\routes\\auth.js:13:16\n    at processTicksAndRejections (internal/process/task_queues.js:93:5)","level":"error","timestamp":"2021-03-29T15:15:19.073Z"}
{"level":"info","message":"Listening on port 3900...","timestamp":"2021-03-29T15:15:31.664Z"}
{"level":"info","message":"Connected to mongodb://localhost/traq...","timestamp":"2021-03-29T15:15:31.693Z"}
{"level":"info","message":"Listening on port 3900...","timestamp":"2021-03-29T15:19:02.817Z"}
{"level":"info","message":"Connected to mongodb://localhost/traq...","timestamp":"2021-03-29T15:19:02.837Z"}
{"message":"employer is not defined","stack":"ReferenceError: employer is not defined\n    at C:\\Users\\Nathan\\Code\\traq\\routes\\auth.js:19:17","level":"error","timestamp":"2021-03-29T15:19:06.387Z"}
{"level":"info","message":"Listening on port 3900...","timestamp":"2021-03-29T15:19:17.735Z"}
{"level":"info","message":"Connected to mongodb://localhost/traq...","timestamp":"2021-03-29T15:19:17.760Z"}
{"level":"info","message":"Listening on port 3900...","timestamp":"2021-03-29T15:21:45.623Z"}
{"level":"info","message":"Connected to mongodb://localhost/traq...","timestamp":"2021-03-29T15:21:45.644Z"}
{"level":"info","message":"Listening on port 3900...","timestamp":"2021-03-29T15:21:52.329Z"}
{"level":"info","message":"Connected to mongodb://localhost/traq...","timestamp":"2021-03-29T15:21:52.349Z"}
{"level":"info","message":"Listening on port 3900...","timestamp":"2021-03-29T15:24:37.860Z"}
{"level":"info","message":"Connected to mongodb://localhost/traq...","timestamp":"2021-03-29T15:24:37.884Z"}
{"level":"info","message":"Listening on port 3900...","timestamp":"2021-03-29T15:25:32.611Z"}
{"level":"info","message":"Connected to mongodb://localhost/traq...","timestamp":"2021-03-29T15:25:32.635Z"}
{"level":"info","message":"Listening on port 3900...","timestamp":"2021-03-29T15:25:37.797Z"}
{"level":"info","message":"Connected to mongodb://localhost/traq...","timestamp":"2021-03-29T15:25:37.815Z"}
{"level":"info","message":"Listening on port 3900...","timestamp":"2021-03-29T15:26:39.623Z"}
{"level":"info","message":"Connected to mongodb://localhost/traq...","timestamp":"2021-03-29T15:26:39.644Z"}
{"level":"info","message":"Listening on port 3900...","timestamp":"2021-03-29T15:28:58.555Z"}
{"level":"info","message":"Connected to mongodb://localhost/traq...","timestamp":"2021-03-29T15:28:58.581Z"}
{"level":"info","message":"Listening on port 3900...","timestamp":"2021-03-29T15:29:04.647Z"}
{"level":"info","message":"Connected to mongodb://localhost/traq...","timestamp":"2021-03-29T15:29:04.672Z"}
{"level":"info","message":"Listening on port 3900...","timestamp":"2021-03-29T15:34:35.855Z"}
{"level":"info","message":"Connected to mongodb://localhost/traq...","timestamp":"2021-03-29T15:34:35.887Z"}
{"level":"info","message":"Listening on port 3900...","timestamp":"2021-03-29T15:39:37.352Z"}
{"level":"info","message":"Connected to mongodb://localhost/traq...","timestamp":"2021-03-29T15:39:37.415Z"}
{"level":"info","message":"Listening on port 3900...","timestamp":"2021-03-29T15:44:14.323Z"}
{"level":"info","message":"Connected to mongodb://localhost/traq...","timestamp":"2021-03-29T15:44:14.346Z"}
{"level":"info","message":"Listening on port 3900...","timestamp":"2021-03-29T15:44:54.310Z"}
{"level":"info","message":"Connected to mongodb://localhost/traq...","timestamp":"2021-03-29T15:44:54.346Z"}
{"level":"info","message":"Listening on port 3900...","timestamp":"2021-03-29T15:47:04.302Z"}
{"level":"info","message":"Connected to mongodb://localhost/traq...","timestamp":"2021-03-29T15:47:04.349Z"}
{"level":"info","message":"Listening on port 3900...","timestamp":"2021-03-29T16:15:53.979Z"}
{"level":"info","message":"Connected to mongodb://localhost/traq...","timestamp":"2021-03-29T16:15:54.001Z"}
{"level":"info","message":"Listening on port 3900...","timestamp":"2021-03-29T16:21:44.294Z"}
{"level":"info","message":"Connected to mongodb://localhost/traq...","timestamp":"2021-03-29T16:21:44.314Z"}
{"level":"info","message":"Listening on port 3900...","timestamp":"2021-03-29T16:24:55.258Z"}
{"level":"info","message":"Connected to mongodb://localhost/traq...","timestamp":"2021-03-29T16:24:55.280Z"}
{"message":"friend is not defined","stack":"ReferenceError: friend is not defined\n    at C:\\Users\\Nathan\\Code\\traq\\routes\\users.js:111:44\n    at processTicksAndRejections (internal/process/task_queues.js:93:5)","level":"error","timestamp":"2021-03-29T16:25:57.783Z"}
{"level":"info","message":"Listening on port 3900...","timestamp":"2021-03-29T16:27:27.039Z"}
{"level":"info","message":"Connected to mongodb://localhost/traq...","timestamp":"2021-03-29T16:27:27.068Z"}
{"level":"info","message":"Listening on port 3900...","timestamp":"2021-03-29T16:30:22.067Z"}
{"level":"info","message":"Connected to mongodb://localhost/traq...","timestamp":"2021-03-29T16:30:22.098Z"}
{"level":"info","message":"Listening on port 3900...","timestamp":"2021-03-29T16:30:36.368Z"}
{"level":"info","message":"Connected to mongodb://localhost/traq...","timestamp":"2021-03-29T16:30:36.397Z"}
{"level":"info","message":"Listening on port 3900...","timestamp":"2021-03-29T16:30:52.989Z"}
{"level":"info","message":"Connected to mongodb://localhost/traq...","timestamp":"2021-03-29T16:30:53.041Z"}
